2024-08-28 15:59:17,212 httpx        4192 INFO     HTTP Request: POST https://adweabgv.cloud.sealos.io/v1/embeddings "HTTP/1.1 200 OK"
2024-08-28 15:59:17,422 faiss.loader 4192 INFO     Loading faiss with AVX2 support.
2024-08-28 15:59:17,422 faiss.loader 4192 INFO     Could not load library with AVX2 support due to:
ModuleNotFoundError("No module named 'faiss.swigfaiss_avx2'")
2024-08-28 15:59:17,424 faiss.loader 4192 INFO     Loading faiss.
2024-08-28 15:59:17,463 faiss.loader 4192 INFO     Successfully loaded faiss.
2024-08-28 16:00:08,943 httpx        4192 INFO     HTTP Request: POST https://adweabgv.cloud.sealos.io/v1/embeddings "HTTP/1.1 200 OK"
2024-08-28 16:00:10,849 httpx        4192 INFO     HTTP Request: POST https://adweabgv.cloud.sealos.io/v1/embeddings "HTTP/1.1 200 OK"
2024-08-28 16:02:42,058 httpx        4192 INFO     HTTP Request: POST https://adweabgv.cloud.sealos.io/v1/embeddings "HTTP/1.1 200 OK"
2024-08-28 16:02:42,960 httpx        4192 INFO     HTTP Request: POST https://adweabgv.cloud.sealos.io/v1/embeddings "HTTP/1.1 200 OK"
2024-08-28 16:03:10,646 httpx        4192 INFO     HTTP Request: POST https://adweabgv.cloud.sealos.io/v1/embeddings "HTTP/1.1 200 OK"
2024-08-28 16:03:11,728 httpx        4192 INFO     HTTP Request: POST https://adweabgv.cloud.sealos.io/v1/embeddings "HTTP/1.1 200 OK"
2024-08-28 16:03:12,355 httpx        4192 INFO     HTTP Request: POST https://adweabgv.cloud.sealos.io/v1/embeddings "HTTP/1.1 200 OK"
2024-08-28 16:03:12,393 httpx        4192 INFO     HTTP Request: POST https://adweabgv.cloud.sealos.io/v1/embeddings "HTTP/1.1 200 OK"
2024-08-28 16:03:12,422 httpx        4192 INFO     HTTP Request: POST https://adweabgv.cloud.sealos.io/v1/embeddings "HTTP/1.1 200 OK"
2024-08-28 16:03:12,447 httpx        4192 INFO     HTTP Request: POST https://adweabgv.cloud.sealos.io/v1/embeddings "HTTP/1.1 200 OK"
2024-08-28 16:03:12,497 httpx        4192 INFO     HTTP Request: POST https://adweabgv.cloud.sealos.io/v1/embeddings "HTTP/1.1 200 OK"
2024-08-28 16:03:12,517 httpx        4192 INFO     HTTP Request: POST https://adweabgv.cloud.sealos.io/v1/embeddings "HTTP/1.1 200 OK"
2024-08-28 16:03:12,527 httpx        4192 INFO     HTTP Request: POST https://adweabgv.cloud.sealos.io/v1/embeddings "HTTP/1.1 200 OK"
2024-08-28 16:03:12,556 httpx        4192 INFO     HTTP Request: POST https://adweabgv.cloud.sealos.io/v1/embeddings "HTTP/1.1 200 OK"
2024-08-28 16:03:12,557 httpx        4192 INFO     HTTP Request: POST https://adweabgv.cloud.sealos.io/v1/embeddings "HTTP/1.1 200 OK"
2024-08-28 16:03:12,573 httpx        4192 INFO     HTTP Request: POST https://adweabgv.cloud.sealos.io/v1/embeddings "HTTP/1.1 200 OK"
2024-08-28 16:03:12,591 httpx        4192 INFO     HTTP Request: POST https://adweabgv.cloud.sealos.io/v1/embeddings "HTTP/1.1 200 OK"
2024-08-28 16:03:12,599 httpx        4192 INFO     HTTP Request: POST https://adweabgv.cloud.sealos.io/v1/embeddings "HTTP/1.1 200 OK"
2024-08-28 16:03:12,606 httpx        4192 INFO     HTTP Request: POST https://adweabgv.cloud.sealos.io/v1/embeddings "HTTP/1.1 200 OK"
2024-08-28 16:03:12,606 httpx        4192 INFO     HTTP Request: POST https://adweabgv.cloud.sealos.io/v1/embeddings "HTTP/1.1 200 OK"
2024-08-28 16:03:12,616 httpx        4192 INFO     HTTP Request: POST https://adweabgv.cloud.sealos.io/v1/embeddings "HTTP/1.1 200 OK"
2024-08-28 16:03:13,102 httpx        4192 INFO     HTTP Request: POST https://adweabgv.cloud.sealos.io/v1/embeddings "HTTP/1.1 200 OK"
2024-08-28 16:03:14,146 httpx        4192 INFO     HTTP Request: POST https://adweabgv.cloud.sealos.io/v1/embeddings "HTTP/1.1 200 OK"
2024-08-28 16:03:14,545 httpx        4192 INFO     HTTP Request: POST https://adweabgv.cloud.sealos.io/v1/embeddings "HTTP/1.1 200 OK"
2024-08-28 16:03:14,566 httpx        4192 INFO     HTTP Request: POST https://adweabgv.cloud.sealos.io/v1/embeddings "HTTP/1.1 200 OK"
2024-08-28 16:03:14,574 httpx        4192 INFO     HTTP Request: POST https://adweabgv.cloud.sealos.io/v1/embeddings "HTTP/1.1 200 OK"
2024-08-28 16:03:14,640 httpx        4192 INFO     HTTP Request: POST https://adweabgv.cloud.sealos.io/v1/embeddings "HTTP/1.1 200 OK"
2024-08-28 16:03:14,656 httpx        4192 INFO     HTTP Request: POST https://adweabgv.cloud.sealos.io/v1/embeddings "HTTP/1.1 200 OK"
2024-08-28 16:03:14,657 httpx        4192 INFO     HTTP Request: POST https://adweabgv.cloud.sealos.io/v1/embeddings "HTTP/1.1 200 OK"
2024-08-28 16:03:14,672 httpx        4192 INFO     HTTP Request: POST https://adweabgv.cloud.sealos.io/v1/embeddings "HTTP/1.1 200 OK"
2024-08-28 16:03:14,672 httpx        4192 INFO     HTTP Request: POST https://adweabgv.cloud.sealos.io/v1/embeddings "HTTP/1.1 200 OK"
2024-08-28 16:03:14,676 httpx        4192 INFO     HTTP Request: POST https://adweabgv.cloud.sealos.io/v1/embeddings "HTTP/1.1 200 OK"
2024-08-28 16:03:14,676 httpx        4192 INFO     HTTP Request: POST https://adweabgv.cloud.sealos.io/v1/embeddings "HTTP/1.1 200 OK"
2024-08-28 16:03:14,676 httpx        4192 INFO     HTTP Request: POST https://adweabgv.cloud.sealos.io/v1/embeddings "HTTP/1.1 200 OK"
2024-08-28 16:03:14,698 httpx        4192 INFO     HTTP Request: POST https://adweabgv.cloud.sealos.io/v1/embeddings "HTTP/1.1 200 OK"
2024-08-28 16:03:14,719 httpx        4192 INFO     HTTP Request: POST https://adweabgv.cloud.sealos.io/v1/embeddings "HTTP/1.1 200 OK"
2024-08-28 16:03:14,720 httpx        4192 INFO     HTTP Request: POST https://adweabgv.cloud.sealos.io/v1/embeddings "HTTP/1.1 200 OK"
2024-08-28 16:03:14,720 httpx        4192 INFO     HTTP Request: POST https://adweabgv.cloud.sealos.io/v1/embeddings "HTTP/1.1 200 OK"
2024-08-28 16:03:20,364 httpx        4192 INFO     HTTP Request: POST https://adweabgv.cloud.sealos.io/v1/embeddings "HTTP/1.1 200 OK"
2024-08-28 16:03:21,446 httpx        4192 INFO     HTTP Request: POST https://adweabgv.cloud.sealos.io/v1/embeddings "HTTP/1.1 200 OK"
2024-08-28 16:03:23,905 httpx        4192 INFO     HTTP Request: POST https://adweabgv.cloud.sealos.io/v1/embeddings "HTTP/1.1 200 OK"
2024-08-28 16:03:24,325 httpx        4192 INFO     HTTP Request: POST https://adweabgv.cloud.sealos.io/v1/embeddings "HTTP/1.1 200 OK"
2024-08-28 16:03:24,507 httpx        4192 INFO     HTTP Request: POST https://adweabgv.cloud.sealos.io/v1/embeddings "HTTP/1.1 200 OK"
2024-08-28 16:03:24,520 httpx        4192 INFO     HTTP Request: POST https://adweabgv.cloud.sealos.io/v1/embeddings "HTTP/1.1 200 OK"
2024-08-28 16:03:24,554 httpx        4192 INFO     HTTP Request: POST https://adweabgv.cloud.sealos.io/v1/embeddings "HTTP/1.1 200 OK"
2024-08-28 16:03:24,570 httpx        4192 INFO     HTTP Request: POST https://adweabgv.cloud.sealos.io/v1/embeddings "HTTP/1.1 200 OK"
2024-08-28 16:03:24,579 httpx        4192 INFO     HTTP Request: POST https://adweabgv.cloud.sealos.io/v1/embeddings "HTTP/1.1 200 OK"
2024-08-28 16:03:24,596 httpx        4192 INFO     HTTP Request: POST https://adweabgv.cloud.sealos.io/v1/embeddings "HTTP/1.1 200 OK"
2024-08-28 16:03:24,603 httpx        4192 INFO     HTTP Request: POST https://adweabgv.cloud.sealos.io/v1/embeddings "HTTP/1.1 200 OK"
2024-08-28 16:03:24,604 httpx        4192 INFO     HTTP Request: POST https://adweabgv.cloud.sealos.io/v1/embeddings "HTTP/1.1 200 OK"
2024-08-28 16:03:24,619 httpx        4192 INFO     HTTP Request: POST https://adweabgv.cloud.sealos.io/v1/embeddings "HTTP/1.1 200 OK"
2024-08-28 16:03:24,620 httpx        4192 INFO     HTTP Request: POST https://adweabgv.cloud.sealos.io/v1/embeddings "HTTP/1.1 200 OK"
2024-08-28 16:03:24,628 httpx        4192 INFO     HTTP Request: POST https://adweabgv.cloud.sealos.io/v1/embeddings "HTTP/1.1 200 OK"
2024-08-28 16:03:24,628 httpx        4192 INFO     HTTP Request: POST https://adweabgv.cloud.sealos.io/v1/embeddings "HTTP/1.1 200 OK"
2024-08-28 16:03:24,628 httpx        4192 INFO     HTTP Request: POST https://adweabgv.cloud.sealos.io/v1/embeddings "HTTP/1.1 200 OK"
2024-08-28 16:03:24,629 httpx        4192 INFO     HTTP Request: POST https://adweabgv.cloud.sealos.io/v1/embeddings "HTTP/1.1 200 OK"
